=== Test Reports
FORMAT  FILE
──────  ────────────────────────────────────────────────────────────────────────────────────────────────────────────
txt     c:\Office_Project\SFDXProject\sfdxProject\.sfdx\tools\testresults\apex\test-result.txt
txt     c:\Office_Project\SFDXProject\sfdxProject\.sfdx\tools\testresults\apex\test-run-id.txt
junit   c:\Office_Project\SFDXProject\sfdxProject\.sfdx\tools\testresults\apex\test-result-7072v0000EnPKgl-junit.xml
json    c:\Office_Project\SFDXProject\sfdxProject\.sfdx\tools\testresults\apex\test-result-7072v0000EnPKgl.json

=== Test Results
TEST NAME                    OUTCOME  MESSAGE                                                             RUNTIME (MS)
───────────────────────────  ───────  ──────────────────────────────────────────────────────────────────  ────────────
LeadProcessorTest.testBatch  Fail     System.AssertException: Assertion Failed: Expected: 200, Actual: 0  4263
                                      Class.KauravMayur.LeadProcessorTest.testBatch: line 21, column 1

=== Failures
FULLNAME                     MESSAGE
───────────────────────────  ───────────────────────────────────────────────────────────────────────────────────────────────────
LeadProcessorTest.testBatch  System.AssertException: Assertion Failed: Expected: 200, Actual: 0
                             c:/Office_Project/SFDXProject/sfdxProject/force-app/main/default/classes/LeadProcessorTest.cls:21:1

=== Test Summary
NAME                 VALUE
───────────────────  ────────────────────────────
Outcome              Failed
Tests Ran            1
Passing              0
Failing              1
Skipped              0
Pass Rate            0%
Fail Rate            100%
Test Start Time      Sep 7, 2020 1:30 PM
Test Execution Time  4263 ms
Test Total Time      4263 ms
Command Time         21099 ms
Hostname             https://ap15.salesforce.com
Org Id               00D90000000lfFsEAI
Username             kaurav@gmail.com
Test Run Id          7072v0000EnPKgl
User Id              00590000001Wmr7AAC

